[INFO ] 2023-10-03 08:55:14.259 [main] AnnotationConfigContextLoaderUtils - Could not detect default configuration classes for test class [com.facundo.FN.ServiceEquipoTest]: ServiceEquipoTest does not declare any static, non-private, non-final, nested classes annotated with @Configuration.
[INFO ] 2023-10-03 08:55:14.366 [main] SpringBootTestContextBootstrapper - Found @SpringBootConfiguration com.facundo.FN.FnApplication for test class com.facundo.FN.ServiceEquipoTest
[INFO ] 2023-10-03 08:55:14.735 [main] ServiceEquipoTest - Starting ServiceEquipoTest using Java 20.0.1 with PID 7068 (started by Usuario in C:\Users\Usuario.LAB3-12\3D Objects\API-REST\FN)
[INFO ] 2023-10-03 08:55:14.738 [main] ServiceEquipoTest - No active profile set, falling back to 1 default profile: "default"
[INFO ] 2023-10-03 08:55:15.441 [main] RepositoryConfigurationDelegate - Bootstrapping Spring Data JPA repositories in DEFAULT mode.
[INFO ] 2023-10-03 08:55:15.493 [main] RepositoryConfigurationDelegate - Finished Spring Data repository scanning in 44 ms. Found 3 JPA repository interfaces.
[INFO ] 2023-10-03 08:55:15.899 [main] LogHelper - HHH000204: Processing PersistenceUnitInfo [name: default]
[INFO ] 2023-10-03 08:55:15.947 [main] Version - HHH000412: Hibernate ORM core version 6.2.5.Final
[INFO ] 2023-10-03 08:55:15.949 [main] Environment - HHH000406: Using bytecode reflection optimizer
[INFO ] 2023-10-03 08:55:16.134 [main] BytecodeProviderInitiator - HHH000021: Bytecode provider name : bytebuddy
[INFO ] 2023-10-03 08:55:16.260 [main] SpringPersistenceUnitInfo - No LoadTimeWeaver setup: ignoring JPA class transformer
[INFO ] 2023-10-03 08:55:16.279 [main] HikariDataSource - HikariPool-1 - Starting...
[INFO ] 2023-10-03 08:55:16.433 [main] HikariPool - HikariPool-1 - Added connection com.mysql.cj.jdbc.ConnectionImpl@43a7203e
[INFO ] 2023-10-03 08:55:16.435 [main] HikariDataSource - HikariPool-1 - Start completed.
[WARN ] 2023-10-03 08:55:16.478 [main] Dialect - HHH000511: The 5.5.0 version for [org.hibernate.dialect.MySQLDialect] is no longer supported, hence certain features may not work properly. The minimum supported version is 5.7.0. Check the community dialects project for available legacy versions.
[INFO ] 2023-10-03 08:55:16.690 [main] BytecodeProviderInitiator - HHH000021: Bytecode provider name : bytebuddy
[INFO ] 2023-10-03 08:55:17.234 [main] JtaPlatformInitiator - HHH000490: Using JtaPlatform implementation: [org.hibernate.engine.transaction.jta.platform.internal.NoJtaPlatform]
[INFO ] 2023-10-03 08:55:17.302 [main] LocalContainerEntityManagerFactoryBean - Initialized JPA EntityManagerFactory for persistence unit 'default'
[WARN ] 2023-10-03 08:55:17.687 [main] JpaBaseConfiguration$JpaWebConfiguration - spring.jpa.open-in-view is enabled by default. Therefore, database queries may be performed during view rendering. Explicitly configure spring.jpa.open-in-view to disable this warning
[INFO ] 2023-10-03 08:55:18.252 [main] ServiceEquipoTest - Started ServiceEquipoTest in 3.737 seconds (process running for 4.973)
[INFO ] 2023-10-03 08:55:18.935 [main] FnApplication - [Equipo creado correctamente]
[INFO ] 2023-10-03 08:55:18.983 [SpringApplicationShutdownHook] LocalContainerEntityManagerFactoryBean - Closing JPA EntityManagerFactory for persistence unit 'default'
[INFO ] 2023-10-03 08:55:18.984 [SpringApplicationShutdownHook] HikariDataSource - HikariPool-1 - Shutdown initiated...
[INFO ] 2023-10-03 08:55:18.991 [SpringApplicationShutdownHook] HikariDataSource - HikariPool-1 - Shutdown completed.
[INFO ] 2023-10-03 08:55:24.553 [main] AnnotationConfigContextLoaderUtils - Could not detect default configuration classes for test class [com.facundo.FN.ServiceEquipoTest]: ServiceEquipoTest does not declare any static, non-private, non-final, nested classes annotated with @Configuration.
[INFO ] 2023-10-03 08:55:24.657 [main] SpringBootTestContextBootstrapper - Found @SpringBootConfiguration com.facundo.FN.FnApplication for test class com.facundo.FN.ServiceEquipoTest
[INFO ] 2023-10-03 08:55:25.036 [main] ServiceEquipoTest - Starting ServiceEquipoTest using Java 20.0.1 with PID 14456 (started by Usuario in C:\Users\Usuario.LAB3-12\3D Objects\API-REST\FN)
[INFO ] 2023-10-03 08:55:25.039 [main] ServiceEquipoTest - No active profile set, falling back to 1 default profile: "default"
[INFO ] 2023-10-03 08:55:25.723 [main] RepositoryConfigurationDelegate - Bootstrapping Spring Data JPA repositories in DEFAULT mode.
[INFO ] 2023-10-03 08:55:25.775 [main] RepositoryConfigurationDelegate - Finished Spring Data repository scanning in 45 ms. Found 3 JPA repository interfaces.
[INFO ] 2023-10-03 08:55:26.190 [main] LogHelper - HHH000204: Processing PersistenceUnitInfo [name: default]
[INFO ] 2023-10-03 08:55:26.238 [main] Version - HHH000412: Hibernate ORM core version 6.2.5.Final
[INFO ] 2023-10-03 08:55:26.240 [main] Environment - HHH000406: Using bytecode reflection optimizer
[INFO ] 2023-10-03 08:55:26.421 [main] BytecodeProviderInitiator - HHH000021: Bytecode provider name : bytebuddy
[INFO ] 2023-10-03 08:55:26.543 [main] SpringPersistenceUnitInfo - No LoadTimeWeaver setup: ignoring JPA class transformer
[INFO ] 2023-10-03 08:55:26.561 [main] HikariDataSource - HikariPool-1 - Starting...
[INFO ] 2023-10-03 08:55:26.715 [main] HikariPool - HikariPool-1 - Added connection com.mysql.cj.jdbc.ConnectionImpl@43a7203e
[INFO ] 2023-10-03 08:55:26.717 [main] HikariDataSource - HikariPool-1 - Start completed.
[WARN ] 2023-10-03 08:55:26.757 [main] Dialect - HHH000511: The 5.5.0 version for [org.hibernate.dialect.MySQLDialect] is no longer supported, hence certain features may not work properly. The minimum supported version is 5.7.0. Check the community dialects project for available legacy versions.
[INFO ] 2023-10-03 08:55:26.971 [main] BytecodeProviderInitiator - HHH000021: Bytecode provider name : bytebuddy
[INFO ] 2023-10-03 08:55:27.524 [main] JtaPlatformInitiator - HHH000490: Using JtaPlatform implementation: [org.hibernate.engine.transaction.jta.platform.internal.NoJtaPlatform]
[INFO ] 2023-10-03 08:55:27.588 [main] LocalContainerEntityManagerFactoryBean - Initialized JPA EntityManagerFactory for persistence unit 'default'
[WARN ] 2023-10-03 08:55:27.979 [main] JpaBaseConfiguration$JpaWebConfiguration - spring.jpa.open-in-view is enabled by default. Therefore, database queries may be performed during view rendering. Explicitly configure spring.jpa.open-in-view to disable this warning
[INFO ] 2023-10-03 08:55:28.519 [main] ServiceEquipoTest - Started ServiceEquipoTest in 3.706 seconds (process running for 4.933)
[INFO ] 2023-10-03 08:55:29.213 [main] FnApplication - [Equipo creado correctamente]
[INFO ] 2023-10-03 08:55:29.259 [SpringApplicationShutdownHook] LocalContainerEntityManagerFactoryBean - Closing JPA EntityManagerFactory for persistence unit 'default'
[INFO ] 2023-10-03 08:55:29.261 [SpringApplicationShutdownHook] HikariDataSource - HikariPool-1 - Shutdown initiated...
[INFO ] 2023-10-03 08:55:29.268 [SpringApplicationShutdownHook] HikariDataSource - HikariPool-1 - Shutdown completed.
[INFO ] 2023-10-03 08:55:54.768 [main] AnnotationConfigContextLoaderUtils - Could not detect default configuration classes for test class [com.facundo.FN.ServiceEquipoTest]: ServiceEquipoTest does not declare any static, non-private, non-final, nested classes annotated with @Configuration.
[INFO ] 2023-10-03 08:55:54.878 [main] SpringBootTestContextBootstrapper - Found @SpringBootConfiguration com.facundo.FN.FnApplication for test class com.facundo.FN.ServiceEquipoTest
[INFO ] 2023-10-03 08:55:55.236 [main] ServiceEquipoTest - Starting ServiceEquipoTest using Java 20.0.1 with PID 4220 (started by Usuario in C:\Users\Usuario.LAB3-12\3D Objects\API-REST\FN)
[INFO ] 2023-10-03 08:55:55.239 [main] ServiceEquipoTest - No active profile set, falling back to 1 default profile: "default"
[INFO ] 2023-10-03 08:55:55.907 [main] RepositoryConfigurationDelegate - Bootstrapping Spring Data JPA repositories in DEFAULT mode.
[INFO ] 2023-10-03 08:55:55.962 [main] RepositoryConfigurationDelegate - Finished Spring Data repository scanning in 47 ms. Found 3 JPA repository interfaces.
[INFO ] 2023-10-03 08:55:56.364 [main] LogHelper - HHH000204: Processing PersistenceUnitInfo [name: default]
[INFO ] 2023-10-03 08:55:56.412 [main] Version - HHH000412: Hibernate ORM core version 6.2.5.Final
[INFO ] 2023-10-03 08:55:56.414 [main] Environment - HHH000406: Using bytecode reflection optimizer
[INFO ] 2023-10-03 08:55:56.595 [main] BytecodeProviderInitiator - HHH000021: Bytecode provider name : bytebuddy
[INFO ] 2023-10-03 08:55:56.719 [main] SpringPersistenceUnitInfo - No LoadTimeWeaver setup: ignoring JPA class transformer
[INFO ] 2023-10-03 08:55:56.739 [main] HikariDataSource - HikariPool-1 - Starting...
[INFO ] 2023-10-03 08:55:56.898 [main] HikariPool - HikariPool-1 - Added connection com.mysql.cj.jdbc.ConnectionImpl@43a7203e
[INFO ] 2023-10-03 08:55:56.899 [main] HikariDataSource - HikariPool-1 - Start completed.
[WARN ] 2023-10-03 08:55:56.938 [main] Dialect - HHH000511: The 5.5.0 version for [org.hibernate.dialect.MySQLDialect] is no longer supported, hence certain features may not work properly. The minimum supported version is 5.7.0. Check the community dialects project for available legacy versions.
[INFO ] 2023-10-03 08:55:57.156 [main] BytecodeProviderInitiator - HHH000021: Bytecode provider name : bytebuddy
[INFO ] 2023-10-03 08:55:57.709 [main] JtaPlatformInitiator - HHH000490: Using JtaPlatform implementation: [org.hibernate.engine.transaction.jta.platform.internal.NoJtaPlatform]
[INFO ] 2023-10-03 08:55:57.776 [main] LocalContainerEntityManagerFactoryBean - Initialized JPA EntityManagerFactory for persistence unit 'default'
[WARN ] 2023-10-03 08:55:58.162 [main] JpaBaseConfiguration$JpaWebConfiguration - spring.jpa.open-in-view is enabled by default. Therefore, database queries may be performed during view rendering. Explicitly configure spring.jpa.open-in-view to disable this warning
[INFO ] 2023-10-03 08:55:58.682 [main] ServiceEquipoTest - Started ServiceEquipoTest in 3.653 seconds (process running for 4.886)
[INFO ] 2023-10-03 08:55:59.380 [main] FnApplication - [Equipo creado correctamente]
[INFO ] 2023-10-03 08:55:59.427 [SpringApplicationShutdownHook] LocalContainerEntityManagerFactoryBean - Closing JPA EntityManagerFactory for persistence unit 'default'
[INFO ] 2023-10-03 08:55:59.429 [SpringApplicationShutdownHook] HikariDataSource - HikariPool-1 - Shutdown initiated...
[INFO ] 2023-10-03 08:55:59.438 [SpringApplicationShutdownHook] HikariDataSource - HikariPool-1 - Shutdown completed.
